<?xml version="1.0" encoding="UTF-8"?>
<testsuite xmlns:xsi="http://www.w3.org/2001/XMLSchema-instance" xsi:noNamespaceSchemaLocation="https://maven.apache.org/surefire/maven-surefire-plugin/xsd/surefire-test-report.xsd" name="cn.tycoding.AppTest" time="0.062" tests="1" errors="0" skipped="0" failures="0">
  <properties>
    <property name="sun.desktop" value="windows"/>
    <property name="awt.toolkit" value="sun.awt.windows.WToolkit"/>
    <property name="file.encoding.pkg" value="sun.io"/>
    <property name="java.specification.version" value="1.8"/>
    <property name="sun.cpu.isalist" value="amd64"/>
    <property name="sun.jnu.encoding" value="GBK"/>
    <property name="java.class.path" value="E:\Workspaces\SSH\target\test-classes;E:\Workspaces\SSH\target\classes;D:\MavenRespotion\junit\junit\4.11\junit-4.11.jar;D:\MavenRespotion\org\hamcrest\hamcrest-core\1.3\hamcrest-core-1.3.jar;D:\MavenRespotion\ch\qos\logback\logback-classic\1.1.1\logback-classic-1.1.1.jar;D:\MavenRespotion\ch\qos\logback\logback-core\1.1.1\logback-core-1.1.1.jar;D:\MavenRespotion\org\slf4j\slf4j-api\1.7.6\slf4j-api-1.7.6.jar;D:\MavenRespotion\mysql\mysql-connector-java\5.1.47\mysql-connector-java-5.1.47.jar;D:\MavenRespotion\c3p0\c3p0\0.9.1.2\c3p0-0.9.1.2.jar;D:\MavenRespotion\org\springframework\spring-context\4.3.12.RELEASE\spring-context-4.3.12.RELEASE.jar;D:\MavenRespotion\org\springframework\spring-aop\4.3.12.RELEASE\spring-aop-4.3.12.RELEASE.jar;D:\MavenRespotion\org\springframework\spring-beans\4.3.12.RELEASE\spring-beans-4.3.12.RELEASE.jar;D:\MavenRespotion\org\springframework\spring-core\4.3.12.RELEASE\spring-core-4.3.12.RELEASE.jar;D:\MavenRespotion\org\springframework\spring-expression\4.3.12.RELEASE\spring-expression-4.3.12.RELEASE.jar;D:\MavenRespotion\org\apache\struts\struts2-spring-plugin\2.5.12\struts2-spring-plugin-2.5.12.jar;D:\MavenRespotion\org\springframework\spring-web\4.1.6.RELEASE\spring-web-4.1.6.RELEASE.jar;D:\MavenRespotion\org\apache\commons\commons-lang3\3.6\commons-lang3-3.6.jar;D:\MavenRespotion\org\apache\struts\struts2-core\2.5.12\struts2-core-2.5.12.jar;D:\MavenRespotion\org\freemarker\freemarker\2.3.23\freemarker-2.3.23.jar;D:\MavenRespotion\ognl\ognl\3.1.12\ognl-3.1.12.jar;D:\MavenRespotion\org\apache\logging\log4j\log4j-api\2.8.2\log4j-api-2.8.2.jar;D:\MavenRespotion\commons-fileupload\commons-fileupload\1.3.3\commons-fileupload-1.3.3.jar;D:\MavenRespotion\commons-io\commons-io\2.4\commons-io-2.4.jar;D:\MavenRespotion\org\aspectj\aspectjweaver\1.5.4\aspectjweaver-1.5.4.jar;D:\MavenRespotion\org\springframework\spring-orm\4.3.10.RELEASE\spring-orm-4.3.10.RELEASE.jar;D:\MavenRespotion\org\springframework\spring-jdbc\4.3.10.RELEASE\spring-jdbc-4.3.10.RELEASE.jar;D:\MavenRespotion\org\springframework\spring-tx\4.3.10.RELEASE\spring-tx-4.3.10.RELEASE.jar;D:\MavenRespotion\org\hibernate\hibernate-core\5.2.10.Final\hibernate-core-5.2.10.Final.jar;D:\MavenRespotion\org\jboss\logging\jboss-logging\3.3.0.Final\jboss-logging-3.3.0.Final.jar;D:\MavenRespotion\org\hibernate\javax\persistence\hibernate-jpa-2.1-api\1.0.0.Final\hibernate-jpa-2.1-api-1.0.0.Final.jar;D:\MavenRespotion\org\javassist\javassist\3.20.0-GA\javassist-3.20.0-GA.jar;D:\MavenRespotion\antlr\antlr\2.7.7\antlr-2.7.7.jar;D:\MavenRespotion\org\jboss\spec\javax\transaction\jboss-transaction-api_1.2_spec\1.0.1.Final\jboss-transaction-api_1.2_spec-1.0.1.Final.jar;D:\MavenRespotion\org\jboss\jandex\2.0.3.Final\jandex-2.0.3.Final.jar;D:\MavenRespotion\com\fasterxml\classmate\1.3.0\classmate-1.3.0.jar;D:\MavenRespotion\dom4j\dom4j\1.6.1\dom4j-1.6.1.jar;D:\MavenRespotion\org\hibernate\common\hibernate-commons-annotations\5.0.1.Final\hibernate-commons-annotations-5.0.1.Final.jar;D:\MavenRespotion\org\hibernate\hibernate-c3p0\5.2.10.Final\hibernate-c3p0-5.2.10.Final.jar;D:\MavenRespotion\com\mchange\c3p0\0.9.5.2\c3p0-0.9.5.2.jar;D:\MavenRespotion\com\mchange\mchange-commons-java\0.2.11\mchange-commons-java-0.2.11.jar;D:\MavenRespotion\jstl\jstl\1.2\jstl-1.2.jar;D:\MavenRespotion\com\fasterxml\jackson\core\jackson-databind\2.5.4\jackson-databind-2.5.4.jar;D:\MavenRespotion\com\fasterxml\jackson\core\jackson-annotations\2.5.0\jackson-annotations-2.5.0.jar;D:\MavenRespotion\com\fasterxml\jackson\core\jackson-core\2.5.4\jackson-core-2.5.4.jar;D:\MavenRespotion\javax\servlet\javax.servlet-api\3.1.0\javax.servlet-api-3.1.0.jar;D:\MavenRespotion\net\sf\json-lib\json-lib\2.4\json-lib-2.4-jdk15.jar;D:\MavenRespotion\commons-beanutils\commons-beanutils\1.8.0\commons-beanutils-1.8.0.jar;D:\MavenRespotion\commons-collections\commons-collections\3.2.1\commons-collections-3.2.1.jar;D:\MavenRespotion\commons-lang\commons-lang\2.5\commons-lang-2.5.jar;D:\MavenRespotion\commons-logging\commons-logging\1.1.1\commons-logging-1.1.1.jar;D:\MavenRespotion\net\sf\ezmorph\ezmorph\1.0.6\ezmorph-1.0.6.jar;D:\MavenRespotion\org\apache\struts\struts2-json-plugin\2.5.12\struts2-json-plugin-2.5.12.jar;D:\MavenRespotion\com\alibaba\fastjson\1.2.46\fastjson-1.2.46.jar;"/>
    <property name="java.vm.vendor" value="Oracle Corporation"/>
    <property name="sun.arch.data.model" value="64"/>
    <property name="user.variant" value=""/>
    <property name="java.vendor.url" value="http://java.oracle.com/"/>
    <property name="user.timezone" value="Asia/Shanghai"/>
    <property name="java.vm.specification.version" value="1.8"/>
    <property name="os.name" value="Windows 10"/>
    <property name="user.country" value="CN"/>
    <property name="sun.java.launcher" value="SUN_STANDARD"/>
    <property name="sun.boot.library.path" value="E:\Program Files\Java\jdk1.8.0_172\jre\bin"/>
    <property name="sun.java.command" value="C:\Users\张小东\AppData\Local\Temp\surefire7054833689058815375\surefirebooter2174055262027075084.jar C:\Users\张小东\AppData\Local\Temp\surefire7054833689058815375 2019-07-03T11-12-27_815-jvmRun1 surefire7948179899547375606tmp surefire_02776394873064064839tmp"/>
    <property name="surefire.test.class.path" value="E:\Workspaces\SSH\target\test-classes;E:\Workspaces\SSH\target\classes;D:\MavenRespotion\junit\junit\4.11\junit-4.11.jar;D:\MavenRespotion\org\hamcrest\hamcrest-core\1.3\hamcrest-core-1.3.jar;D:\MavenRespotion\ch\qos\logback\logback-classic\1.1.1\logback-classic-1.1.1.jar;D:\MavenRespotion\ch\qos\logback\logback-core\1.1.1\logback-core-1.1.1.jar;D:\MavenRespotion\org\slf4j\slf4j-api\1.7.6\slf4j-api-1.7.6.jar;D:\MavenRespotion\mysql\mysql-connector-java\5.1.47\mysql-connector-java-5.1.47.jar;D:\MavenRespotion\c3p0\c3p0\0.9.1.2\c3p0-0.9.1.2.jar;D:\MavenRespotion\org\springframework\spring-context\4.3.12.RELEASE\spring-context-4.3.12.RELEASE.jar;D:\MavenRespotion\org\springframework\spring-aop\4.3.12.RELEASE\spring-aop-4.3.12.RELEASE.jar;D:\MavenRespotion\org\springframework\spring-beans\4.3.12.RELEASE\spring-beans-4.3.12.RELEASE.jar;D:\MavenRespotion\org\springframework\spring-core\4.3.12.RELEASE\spring-core-4.3.12.RELEASE.jar;D:\MavenRespotion\org\springframework\spring-expression\4.3.12.RELEASE\spring-expression-4.3.12.RELEASE.jar;D:\MavenRespotion\org\apache\struts\struts2-spring-plugin\2.5.12\struts2-spring-plugin-2.5.12.jar;D:\MavenRespotion\org\springframework\spring-web\4.1.6.RELEASE\spring-web-4.1.6.RELEASE.jar;D:\MavenRespotion\org\apache\commons\commons-lang3\3.6\commons-lang3-3.6.jar;D:\MavenRespotion\org\apache\struts\struts2-core\2.5.12\struts2-core-2.5.12.jar;D:\MavenRespotion\org\freemarker\freemarker\2.3.23\freemarker-2.3.23.jar;D:\MavenRespotion\ognl\ognl\3.1.12\ognl-3.1.12.jar;D:\MavenRespotion\org\apache\logging\log4j\log4j-api\2.8.2\log4j-api-2.8.2.jar;D:\MavenRespotion\commons-fileupload\commons-fileupload\1.3.3\commons-fileupload-1.3.3.jar;D:\MavenRespotion\commons-io\commons-io\2.4\commons-io-2.4.jar;D:\MavenRespotion\org\aspectj\aspectjweaver\1.5.4\aspectjweaver-1.5.4.jar;D:\MavenRespotion\org\springframework\spring-orm\4.3.10.RELEASE\spring-orm-4.3.10.RELEASE.jar;D:\MavenRespotion\org\springframework\spring-jdbc\4.3.10.RELEASE\spring-jdbc-4.3.10.RELEASE.jar;D:\MavenRespotion\org\springframework\spring-tx\4.3.10.RELEASE\spring-tx-4.3.10.RELEASE.jar;D:\MavenRespotion\org\hibernate\hibernate-core\5.2.10.Final\hibernate-core-5.2.10.Final.jar;D:\MavenRespotion\org\jboss\logging\jboss-logging\3.3.0.Final\jboss-logging-3.3.0.Final.jar;D:\MavenRespotion\org\hibernate\javax\persistence\hibernate-jpa-2.1-api\1.0.0.Final\hibernate-jpa-2.1-api-1.0.0.Final.jar;D:\MavenRespotion\org\javassist\javassist\3.20.0-GA\javassist-3.20.0-GA.jar;D:\MavenRespotion\antlr\antlr\2.7.7\antlr-2.7.7.jar;D:\MavenRespotion\org\jboss\spec\javax\transaction\jboss-transaction-api_1.2_spec\1.0.1.Final\jboss-transaction-api_1.2_spec-1.0.1.Final.jar;D:\MavenRespotion\org\jboss\jandex\2.0.3.Final\jandex-2.0.3.Final.jar;D:\MavenRespotion\com\fasterxml\classmate\1.3.0\classmate-1.3.0.jar;D:\MavenRespotion\dom4j\dom4j\1.6.1\dom4j-1.6.1.jar;D:\MavenRespotion\org\hibernate\common\hibernate-commons-annotations\5.0.1.Final\hibernate-commons-annotations-5.0.1.Final.jar;D:\MavenRespotion\org\hibernate\hibernate-c3p0\5.2.10.Final\hibernate-c3p0-5.2.10.Final.jar;D:\MavenRespotion\com\mchange\c3p0\0.9.5.2\c3p0-0.9.5.2.jar;D:\MavenRespotion\com\mchange\mchange-commons-java\0.2.11\mchange-commons-java-0.2.11.jar;D:\MavenRespotion\jstl\jstl\1.2\jstl-1.2.jar;D:\MavenRespotion\com\fasterxml\jackson\core\jackson-databind\2.5.4\jackson-databind-2.5.4.jar;D:\MavenRespotion\com\fasterxml\jackson\core\jackson-annotations\2.5.0\jackson-annotations-2.5.0.jar;D:\MavenRespotion\com\fasterxml\jackson\core\jackson-core\2.5.4\jackson-core-2.5.4.jar;D:\MavenRespotion\javax\servlet\javax.servlet-api\3.1.0\javax.servlet-api-3.1.0.jar;D:\MavenRespotion\net\sf\json-lib\json-lib\2.4\json-lib-2.4-jdk15.jar;D:\MavenRespotion\commons-beanutils\commons-beanutils\1.8.0\commons-beanutils-1.8.0.jar;D:\MavenRespotion\commons-collections\commons-collections\3.2.1\commons-collections-3.2.1.jar;D:\MavenRespotion\commons-lang\commons-lang\2.5\commons-lang-2.5.jar;D:\MavenRespotion\commons-logging\commons-logging\1.1.1\commons-logging-1.1.1.jar;D:\MavenRespotion\net\sf\ezmorph\ezmorph\1.0.6\ezmorph-1.0.6.jar;D:\MavenRespotion\org\apache\struts\struts2-json-plugin\2.5.12\struts2-json-plugin-2.5.12.jar;D:\MavenRespotion\com\alibaba\fastjson\1.2.46\fastjson-1.2.46.jar;"/>
    <property name="sun.cpu.endian" value="little"/>
    <property name="user.home" value="C:\Users\张小东"/>
    <property name="user.language" value="zh"/>
    <property name="java.specification.vendor" value="Oracle Corporation"/>
    <property name="java.home" value="E:\Program Files\Java\jdk1.8.0_172\jre"/>
    <property name="basedir" value="E:\Workspaces\SSH"/>
    <property name="file.separator" value="\"/>
    <property name="line.separator" value="&#10;"/>
    <property name="java.vm.specification.vendor" value="Oracle Corporation"/>
    <property name="java.specification.name" value="Java Platform API Specification"/>
    <property name="java.awt.graphicsenv" value="sun.awt.Win32GraphicsEnvironment"/>
    <property name="surefire.real.class.path" value="C:\Users\张小东\AppData\Local\Temp\surefire7054833689058815375\surefirebooter2174055262027075084.jar"/>
    <property name="sun.boot.class.path" value="E:\Program Files\Java\jdk1.8.0_172\jre\lib\resources.jar;E:\Program Files\Java\jdk1.8.0_172\jre\lib\rt.jar;E:\Program Files\Java\jdk1.8.0_172\jre\lib\sunrsasign.jar;E:\Program Files\Java\jdk1.8.0_172\jre\lib\jsse.jar;E:\Program Files\Java\jdk1.8.0_172\jre\lib\jce.jar;E:\Program Files\Java\jdk1.8.0_172\jre\lib\charsets.jar;E:\Program Files\Java\jdk1.8.0_172\jre\lib\jfr.jar;E:\Program Files\Java\jdk1.8.0_172\jre\classes"/>
    <property name="user.script" value=""/>
    <property name="sun.management.compiler" value="HotSpot 64-Bit Tiered Compilers"/>
    <property name="java.runtime.version" value="1.8.0_172-b11"/>
    <property name="user.name" value="张小东"/>
    <property name="path.separator" value=";"/>
    <property name="os.version" value="10.0"/>
    <property name="java.endorsed.dirs" value="E:\Program Files\Java\jdk1.8.0_172\jre\lib\endorsed"/>
    <property name="java.runtime.name" value="Java(TM) SE Runtime Environment"/>
    <property name="file.encoding" value="GBK"/>
    <property name="java.vm.name" value="Java HotSpot(TM) 64-Bit Server VM"/>
    <property name="localRepository" value="D:\MavenRespotion"/>
    <property name="java.vendor.url.bug" value="http://bugreport.sun.com/bugreport/"/>
    <property name="java.io.tmpdir" value="C:\Users\张小东\AppData\Local\Temp\"/>
    <property name="idea.version" value="2018.3.5"/>
    <property name="java.version" value="1.8.0_172"/>
    <property name="user.dir" value="E:\Workspaces\SSH"/>
    <property name="os.arch" value="amd64"/>
    <property name="java.vm.specification.name" value="Java Virtual Machine Specification"/>
    <property name="java.awt.printerjob" value="sun.awt.windows.WPrinterJob"/>
    <property name="sun.os.patch.level" value=""/>
    <property name="java.library.path" value="E:\Program Files\Java\jdk1.8.0_172\jre\bin;C:\WINDOWS\Sun\Java\bin;C:\WINDOWS\system32;C:\WINDOWS;E:\Program Files\NetSarang\Xftp 6\;E:\Program Files (x86)\NetSarang\Xshell 6\;D:\Program Files\Python37\Scripts\;D:\Program Files\Python37\;E:\app\product\11.2.0\dbhome_1\bin;E:\app\张小东\product\11.2.0\dbhome_1\bin;C:\Program Files (x86)\Common Files\Oracle\Java\javapath;C:\WINDOWS\system32;C:\WINDOWS;C:\WINDOWS\System32\Wbem;C:\WINDOWS\System32\WindowsPowerShell\v1.0\;C:\WINDOWS\System32\OpenSSH\;C:\Program Files\dotnet\;C:\Program Files\Microsoft SQL Server\130\Tools\Binn\;D:\Program Files\nodejs\;C:\Users\张小东\AppData\Local\Microsoft\WindowsApps;E:\Program Files\Java\jdk1.8.0_172\bin;D:\Program Files (x86)\Microsoft Visual Studio\Shared\Python36_64\Scripts;C:\Program Files\MySQL\MySQL Server 8.0\bin;D:\MySQL\mysql-5.7.23-winx64\bin;D:\Program Files\JetBrains\PyCharm Community Edition 2018.1.4;D:\Tomcat 9.0\apache-tomcat-9.0.20\bin;D:\Android\adt-bundle-windows-x86_64-20140624\sdk\platform-tools;D:\Android\adt-bundle-windows-x86_64-20140624\sdk\tools;D:\ProgramData\Anaconda3;D:\ProgramData\Anaconda3\Scripts;C:\Users\张小东\AppData\Local\GitHubDesktop\bin;C:\Users\张小东\AppData\Roaming\npm;D:\Program Files\nodejs\node_global;C:\Users\张小东\AppData\Roaming\npm;D:\Program Files\apache-maven-3.6.1\bin;D:\Program Files\CMake\bin;."/>
    <property name="java.vm.info" value="mixed mode"/>
    <property name="java.vendor" value="Oracle Corporation"/>
    <property name="java.vm.version" value="25.172-b11"/>
    <property name="java.ext.dirs" value="E:\Program Files\Java\jdk1.8.0_172\jre\lib\ext;C:\WINDOWS\Sun\Java\lib\ext"/>
    <property name="sun.io.unicode.encoding" value="UnicodeLittle"/>
    <property name="java.class.version" value="52.0"/>
  </properties>
  <testcase name="shouldAnswerWithTrue" classname="cn.tycoding.AppTest" time="0.002"/>
</testsuite>